{"/Users/connerwattles/Documents/CS/CS329/jwt-pizza-service/src/config.js": {"path":"/Users/connerwattles/Documents/CS/CS329/jwt-pizza-service/src/config.js","statementMap":{"0":{"start":{"line":1,"column":0},"end":{"line":18,"column":2}}},"fnMap":{},"branchMap":{},"s":{"0":1},"f":{},"b":{},"_coverageSchema":"1a1c01bbd47fc00a2c39e90264f33305004495a9","hash":"3aaa40668ed5b0c5648f2bbdd13a725e53254f44"}
,"/Users/connerwattles/Documents/CS/CS329/jwt-pizza-service/src/endpointHelper.js": {"path":"/Users/connerwattles/Documents/CS/CS329/jwt-pizza-service/src/endpointHelper.js","statementMap":{"0":{"start":{"line":3,"column":4},"end":{"line":3,"column":19}},"1":{"start":{"line":4,"column":4},"end":{"line":4,"column":33}},"2":{"start":{"line":8,"column":21},"end":{"line":10,"column":1}},"3":{"start":{"line":8,"column":29},"end":{"line":10,"column":1}},"4":{"start":{"line":9,"column":2},"end":{"line":9,"column":57}},"5":{"start":{"line":12,"column":0},"end":{"line":15,"column":2}}},"fnMap":{"0":{"name":"(anonymous_0)","decl":{"start":{"line":2,"column":2},"end":{"line":2,"column":3}},"loc":{"start":{"line":2,"column":35},"end":{"line":5,"column":3}},"line":2},"1":{"name":"(anonymous_1)","decl":{"start":{"line":8,"column":21},"end":{"line":8,"column":22}},"loc":{"start":{"line":8,"column":29},"end":{"line":10,"column":1}},"line":8},"2":{"name":"(anonymous_2)","decl":{"start":{"line":8,"column":29},"end":{"line":8,"column":30}},"loc":{"start":{"line":8,"column":49},"end":{"line":10,"column":1}},"line":8}},"branchMap":{},"s":{"0":0,"1":0,"2":1,"3":14,"4":0,"5":1},"f":{"0":0,"1":14,"2":0},"b":{},"_coverageSchema":"1a1c01bbd47fc00a2c39e90264f33305004495a9","hash":"8b1a2d566947446034fcfca4bbe4e5a98d6e81aa"}
,"/Users/connerwattles/Documents/CS/CS329/jwt-pizza-service/src/service.js": {"path":"/Users/connerwattles/Documents/CS/CS329/jwt-pizza-service/src/service.js","statementMap":{"0":{"start":{"line":1,"column":16},"end":{"line":1,"column":34}},"1":{"start":{"line":2,"column":36},"end":{"line":2,"column":69}},"2":{"start":{"line":3,"column":20},"end":{"line":3,"column":54}},"3":{"start":{"line":4,"column":24},"end":{"line":4,"column":62}},"4":{"start":{"line":5,"column":16},"end":{"line":5,"column":41}},"5":{"start":{"line":6,"column":15},"end":{"line":6,"column":37}},"6":{"start":{"line":8,"column":12},"end":{"line":8,"column":21}},"7":{"start":{"line":9,"column":0},"end":{"line":9,"column":24}},"8":{"start":{"line":10,"column":0},"end":{"line":10,"column":21}},"9":{"start":{"line":11,"column":0},"end":{"line":17,"column":3}},"10":{"start":{"line":12,"column":2},"end":{"line":12,"column":74}},"11":{"start":{"line":13,"column":2},"end":{"line":13,"column":74}},"12":{"start":{"line":14,"column":2},"end":{"line":14,"column":79}},"13":{"start":{"line":15,"column":2},"end":{"line":15,"column":60}},"14":{"start":{"line":16,"column":2},"end":{"line":16,"column":9}},"15":{"start":{"line":19,"column":18},"end":{"line":19,"column":34}},"16":{"start":{"line":20,"column":0},"end":{"line":20,"column":27}},"17":{"start":{"line":21,"column":0},"end":{"line":21,"column":35}},"18":{"start":{"line":22,"column":0},"end":{"line":22,"column":37}},"19":{"start":{"line":23,"column":0},"end":{"line":23,"column":45}},"20":{"start":{"line":25,"column":0},"end":{"line":31,"column":3}},"21":{"start":{"line":26,"column":2},"end":{"line":30,"column":5}},"22":{"start":{"line":33,"column":0},"end":{"line":38,"column":3}},"23":{"start":{"line":34,"column":2},"end":{"line":37,"column":5}},"24":{"start":{"line":40,"column":0},"end":{"line":44,"column":3}},"25":{"start":{"line":41,"column":2},"end":{"line":43,"column":5}},"26":{"start":{"line":47,"column":0},"end":{"line":50,"column":3}},"27":{"start":{"line":48,"column":2},"end":{"line":48,"column":85}},"28":{"start":{"line":49,"column":2},"end":{"line":49,"column":9}},"29":{"start":{"line":52,"column":0},"end":{"line":52,"column":21}}},"fnMap":{"0":{"name":"(anonymous_0)","decl":{"start":{"line":11,"column":8},"end":{"line":11,"column":9}},"loc":{"start":{"line":11,"column":28},"end":{"line":17,"column":1}},"line":11},"1":{"name":"(anonymous_1)","decl":{"start":{"line":25,"column":23},"end":{"line":25,"column":24}},"loc":{"start":{"line":25,"column":37},"end":{"line":31,"column":1}},"line":25},"2":{"name":"(anonymous_2)","decl":{"start":{"line":33,"column":13},"end":{"line":33,"column":14}},"loc":{"start":{"line":33,"column":27},"end":{"line":38,"column":1}},"line":33},"3":{"name":"(anonymous_3)","decl":{"start":{"line":40,"column":13},"end":{"line":40,"column":14}},"loc":{"start":{"line":40,"column":27},"end":{"line":44,"column":1}},"line":40},"4":{"name":"(anonymous_4)","decl":{"start":{"line":47,"column":8},"end":{"line":47,"column":9}},"loc":{"start":{"line":47,"column":33},"end":{"line":50,"column":1}},"line":47}},"branchMap":{"0":{"loc":{"start":{"line":12,"column":47},"end":{"line":12,"column":72}},"type":"binary-expr","locations":[{"start":{"line":12,"column":47},"end":{"line":12,"column":65}},{"start":{"line":12,"column":69},"end":{"line":12,"column":72}}],"line":12},"1":{"loc":{"start":{"line":48,"column":13},"end":{"line":48,"column":34}},"type":"binary-expr","locations":[{"start":{"line":48,"column":13},"end":{"line":48,"column":27}},{"start":{"line":48,"column":31},"end":{"line":48,"column":34}}],"line":48}},"s":{"0":1,"1":1,"2":1,"3":1,"4":1,"5":1,"6":1,"7":1,"8":1,"9":1,"10":1,"11":1,"12":1,"13":1,"14":1,"15":1,"16":1,"17":1,"18":1,"19":1,"20":1,"21":0,"22":1,"23":1,"24":1,"25":0,"26":1,"27":0,"28":0,"29":1},"f":{"0":1,"1":0,"2":1,"3":0,"4":0},"b":{"0":[1,1],"1":[0,0]},"_coverageSchema":"1a1c01bbd47fc00a2c39e90264f33305004495a9","hash":"bafdc55d1e17cb88607861df6d7b24d8a4f032f8"}
,"/Users/connerwattles/Documents/CS/CS329/jwt-pizza-service/src/routes/authRouter.js": {"path":"/Users/connerwattles/Documents/CS/CS329/jwt-pizza-service/src/routes/authRouter.js","statementMap":{"0":{"start":{"line":1,"column":16},"end":{"line":1,"column":34}},"1":{"start":{"line":2,"column":12},"end":{"line":2,"column":35}},"2":{"start":{"line":3,"column":15},"end":{"line":3,"column":38}},"3":{"start":{"line":4,"column":25},"end":{"line":4,"column":56}},"4":{"start":{"line":5,"column":21},"end":{"line":5,"column":55}},"5":{"start":{"line":7,"column":19},"end":{"line":7,"column":35}},"6":{"start":{"line":9,"column":0},"end":{"line":40,"column":2}},"7":{"start":{"line":43,"column":16},"end":{"line":43,"column":34}},"8":{"start":{"line":44,"column":2},"end":{"line":54,"column":3}},"9":{"start":{"line":45,"column":4},"end":{"line":53,"column":5}},"10":{"start":{"line":46,"column":6},"end":{"line":50,"column":7}},"11":{"start":{"line":48,"column":8},"end":{"line":48,"column":55}},"12":{"start":{"line":49,"column":8},"end":{"line":49,"column":82}},"13":{"start":{"line":49,"column":36},"end":{"line":49,"column":81}},"14":{"start":{"line":49,"column":65},"end":{"line":49,"column":80}},"15":{"start":{"line":52,"column":6},"end":{"line":52,"column":22}},"16":{"start":{"line":55,"column":2},"end":{"line":55,"column":9}},"17":{"start":{"line":59,"column":0},"end":{"line":64,"column":2}},"18":{"start":{"line":60,"column":2},"end":{"line":62,"column":3}},"19":{"start":{"line":61,"column":4},"end":{"line":61,"column":61}},"20":{"start":{"line":63,"column":2},"end":{"line":63,"column":9}},"21":{"start":{"line":67,"column":0},"end":{"line":78,"column":2}},"22":{"start":{"line":70,"column":38},"end":{"line":70,"column":46}},"23":{"start":{"line":71,"column":4},"end":{"line":73,"column":5}},"24":{"start":{"line":72,"column":6},"end":{"line":72,"column":89}},"25":{"start":{"line":74,"column":17},"end":{"line":74,"column":91}},"26":{"start":{"line":75,"column":17},"end":{"line":75,"column":36}},"27":{"start":{"line":76,"column":4},"end":{"line":76,"column":42}},"28":{"start":{"line":81,"column":0},"end":{"line":89,"column":2}},"29":{"start":{"line":84,"column":32},"end":{"line":84,"column":40}},"30":{"start":{"line":85,"column":17},"end":{"line":85,"column":50}},"31":{"start":{"line":86,"column":17},"end":{"line":86,"column":36}},"32":{"start":{"line":87,"column":4},"end":{"line":87,"column":42}},"33":{"start":{"line":92,"column":0},"end":{"line":99,"column":2}},"34":{"start":{"line":96,"column":4},"end":{"line":96,"column":19}},"35":{"start":{"line":97,"column":4},"end":{"line":97,"column":47}},"36":{"start":{"line":102,"column":0},"end":{"line":116,"column":2}},"37":{"start":{"line":106,"column":32},"end":{"line":106,"column":40}},"38":{"start":{"line":107,"column":19},"end":{"line":107,"column":44}},"39":{"start":{"line":108,"column":17},"end":{"line":108,"column":25}},"40":{"start":{"line":109,"column":4},"end":{"line":111,"column":5}},"41":{"start":{"line":110,"column":6},"end":{"line":110,"column":63}},"42":{"start":{"line":113,"column":24},"end":{"line":113,"column":68}},"43":{"start":{"line":114,"column":4},"end":{"line":114,"column":26}},"44":{"start":{"line":119,"column":16},"end":{"line":119,"column":48}},"45":{"start":{"line":120,"column":2},"end":{"line":120,"column":37}},"46":{"start":{"line":121,"column":2},"end":{"line":121,"column":15}},"47":{"start":{"line":125,"column":16},"end":{"line":125,"column":34}},"48":{"start":{"line":126,"column":2},"end":{"line":128,"column":3}},"49":{"start":{"line":127,"column":4},"end":{"line":127,"column":31}},"50":{"start":{"line":132,"column":21},"end":{"line":132,"column":46}},"51":{"start":{"line":133,"column":2},"end":{"line":135,"column":3}},"52":{"start":{"line":134,"column":4},"end":{"line":134,"column":36}},"53":{"start":{"line":136,"column":2},"end":{"line":136,"column":14}},"54":{"start":{"line":139,"column":0},"end":{"line":139,"column":45}}},"fnMap":{"0":{"name":"setAuthUser","decl":{"start":{"line":42,"column":15},"end":{"line":42,"column":26}},"loc":{"start":{"line":42,"column":43},"end":{"line":56,"column":1}},"line":42},"1":{"name":"(anonymous_1)","decl":{"start":{"line":49,"column":26},"end":{"line":49,"column":27}},"loc":{"start":{"line":49,"column":36},"end":{"line":49,"column":81}},"line":49},"2":{"name":"(anonymous_2)","decl":{"start":{"line":49,"column":58},"end":{"line":49,"column":59}},"loc":{"start":{"line":49,"column":65},"end":{"line":49,"column":80}},"line":49},"3":{"name":"(anonymous_3)","decl":{"start":{"line":59,"column":31},"end":{"line":59,"column":32}},"loc":{"start":{"line":59,"column":51},"end":{"line":64,"column":1}},"line":59},"4":{"name":"(anonymous_4)","decl":{"start":{"line":69,"column":15},"end":{"line":69,"column":16}},"loc":{"start":{"line":69,"column":35},"end":{"line":77,"column":3}},"line":69},"5":{"name":"(anonymous_5)","decl":{"start":{"line":83,"column":15},"end":{"line":83,"column":16}},"loc":{"start":{"line":83,"column":35},"end":{"line":88,"column":3}},"line":83},"6":{"name":"(anonymous_6)","decl":{"start":{"line":95,"column":15},"end":{"line":95,"column":16}},"loc":{"start":{"line":95,"column":35},"end":{"line":98,"column":3}},"line":95},"7":{"name":"(anonymous_7)","decl":{"start":{"line":105,"column":15},"end":{"line":105,"column":16}},"loc":{"start":{"line":105,"column":35},"end":{"line":115,"column":3}},"line":105},"8":{"name":"setAuth","decl":{"start":{"line":118,"column":15},"end":{"line":118,"column":22}},"loc":{"start":{"line":118,"column":29},"end":{"line":122,"column":1}},"line":118},"9":{"name":"clearAuth","decl":{"start":{"line":124,"column":15},"end":{"line":124,"column":24}},"loc":{"start":{"line":124,"column":30},"end":{"line":129,"column":1}},"line":124},"10":{"name":"readAuthToken","decl":{"start":{"line":131,"column":9},"end":{"line":131,"column":22}},"loc":{"start":{"line":131,"column":28},"end":{"line":137,"column":1}},"line":131}},"branchMap":{"0":{"loc":{"start":{"line":44,"column":2},"end":{"line":54,"column":3}},"type":"if","locations":[{"start":{"line":44,"column":2},"end":{"line":54,"column":3}},{"start":{},"end":{}}],"line":44},"1":{"loc":{"start":{"line":46,"column":6},"end":{"line":50,"column":7}},"type":"if","locations":[{"start":{"line":46,"column":6},"end":{"line":50,"column":7}},{"start":{},"end":{}}],"line":46},"2":{"loc":{"start":{"line":60,"column":2},"end":{"line":62,"column":3}},"type":"if","locations":[{"start":{"line":60,"column":2},"end":{"line":62,"column":3}},{"start":{},"end":{}}],"line":60},"3":{"loc":{"start":{"line":71,"column":4},"end":{"line":73,"column":5}},"type":"if","locations":[{"start":{"line":71,"column":4},"end":{"line":73,"column":5}},{"start":{},"end":{}}],"line":71},"4":{"loc":{"start":{"line":71,"column":8},"end":{"line":71,"column":36}},"type":"binary-expr","locations":[{"start":{"line":71,"column":8},"end":{"line":71,"column":13}},{"start":{"line":71,"column":17},"end":{"line":71,"column":23}},{"start":{"line":71,"column":27},"end":{"line":71,"column":36}}],"line":71},"5":{"loc":{"start":{"line":109,"column":4},"end":{"line":111,"column":5}},"type":"if","locations":[{"start":{"line":109,"column":4},"end":{"line":111,"column":5}},{"start":{},"end":{}}],"line":109},"6":{"loc":{"start":{"line":109,"column":8},"end":{"line":109,"column":54}},"type":"binary-expr","locations":[{"start":{"line":109,"column":8},"end":{"line":109,"column":26}},{"start":{"line":109,"column":30},"end":{"line":109,"column":54}}],"line":109},"7":{"loc":{"start":{"line":126,"column":2},"end":{"line":128,"column":3}},"type":"if","locations":[{"start":{"line":126,"column":2},"end":{"line":128,"column":3}},{"start":{},"end":{}}],"line":126},"8":{"loc":{"start":{"line":133,"column":2},"end":{"line":135,"column":3}},"type":"if","locations":[{"start":{"line":133,"column":2},"end":{"line":135,"column":3}},{"start":{},"end":{}}],"line":133}},"s":{"0":1,"1":1,"2":1,"3":1,"4":1,"5":1,"6":1,"7":1,"8":1,"9":0,"10":0,"11":0,"12":0,"13":0,"14":0,"15":0,"16":1,"17":1,"18":0,"19":0,"20":0,"21":1,"22":0,"23":0,"24":0,"25":0,"26":0,"27":0,"28":1,"29":0,"30":0,"31":0,"32":0,"33":1,"34":0,"35":0,"36":1,"37":0,"38":0,"39":0,"40":0,"41":0,"42":0,"43":0,"44":0,"45":0,"46":0,"47":0,"48":0,"49":0,"50":1,"51":1,"52":0,"53":1,"54":1},"f":{"0":1,"1":0,"2":0,"3":0,"4":0,"5":0,"6":0,"7":0,"8":0,"9":0,"10":1},"b":{"0":[0,1],"1":[0,0],"2":[0,0],"3":[0,0],"4":[0,0,0],"5":[0,0],"6":[0,0],"7":[0,0],"8":[0,1]},"_coverageSchema":"1a1c01bbd47fc00a2c39e90264f33305004495a9","hash":"bcc208dec8655cc4993254439928b2ae13df8952"}
,"/Users/connerwattles/Documents/CS/CS329/jwt-pizza-service/src/routes/franchiseRouter.js": {"path":"/Users/connerwattles/Documents/CS/CS329/jwt-pizza-service/src/routes/franchiseRouter.js","statementMap":{"0":{"start":{"line":1,"column":16},"end":{"line":1,"column":34}},"1":{"start":{"line":2,"column":21},"end":{"line":2,"column":55}},"2":{"start":{"line":3,"column":23},"end":{"line":3,"column":49}},"3":{"start":{"line":4,"column":42},"end":{"line":4,"column":73}},"4":{"start":{"line":6,"column":24},"end":{"line":6,"column":40}},"5":{"start":{"line":8,"column":0},"end":{"line":56,"column":2}},"6":{"start":{"line":59,"column":0},"end":{"line":64,"column":2}},"7":{"start":{"line":62,"column":4},"end":{"line":62,"column":47}},"8":{"start":{"line":67,"column":0},"end":{"line":79,"column":2}},"9":{"start":{"line":71,"column":17},"end":{"line":71,"column":19}},"10":{"start":{"line":72,"column":19},"end":{"line":72,"column":44}},"11":{"start":{"line":73,"column":4},"end":{"line":75,"column":5}},"12":{"start":{"line":74,"column":6},"end":{"line":74,"column":50}},"13":{"start":{"line":77,"column":4},"end":{"line":77,"column":21}},"14":{"start":{"line":82,"column":0},"end":{"line":93,"column":2}},"15":{"start":{"line":86,"column":4},"end":{"line":88,"column":5}},"16":{"start":{"line":87,"column":6},"end":{"line":87,"column":69}},"17":{"start":{"line":90,"column":22},"end":{"line":90,"column":30}},"18":{"start":{"line":91,"column":4},"end":{"line":91,"column":50}},"19":{"start":{"line":96,"column":0},"end":{"line":107,"column":2}},"20":{"start":{"line":99,"column":4},"end":{"line":101,"column":5}},"21":{"start":{"line":100,"column":6},"end":{"line":100,"column":69}},"22":{"start":{"line":103,"column":24},"end":{"line":103,"column":54}},"23":{"start":{"line":104,"column":4},"end":{"line":104,"column":42}},"24":{"start":{"line":105,"column":4},"end":{"line":105,"column":47}},"25":{"start":{"line":110,"column":0},"end":{"line":122,"column":2}},"26":{"start":{"line":114,"column":24},"end":{"line":114,"column":54}},"27":{"start":{"line":115,"column":22},"end":{"line":115,"column":64}},"28":{"start":{"line":116,"column":4},"end":{"line":118,"column":5}},"29":{"start":{"line":116,"column":89},"end":{"line":116,"column":113}},"30":{"start":{"line":117,"column":6},"end":{"line":117,"column":65}},"31":{"start":{"line":120,"column":4},"end":{"line":120,"column":59}},"32":{"start":{"line":125,"column":0},"end":{"line":139,"column":2}},"33":{"start":{"line":129,"column":24},"end":{"line":129,"column":54}},"34":{"start":{"line":130,"column":22},"end":{"line":130,"column":64}},"35":{"start":{"line":131,"column":4},"end":{"line":133,"column":5}},"36":{"start":{"line":131,"column":89},"end":{"line":131,"column":113}},"37":{"start":{"line":132,"column":6},"end":{"line":132,"column":65}},"38":{"start":{"line":135,"column":20},"end":{"line":135,"column":46}},"39":{"start":{"line":136,"column":4},"end":{"line":136,"column":47}},"40":{"start":{"line":137,"column":4},"end":{"line":137,"column":43}},"41":{"start":{"line":141,"column":0},"end":{"line":141,"column":33}}},"fnMap":{"0":{"name":"(anonymous_0)","decl":{"start":{"line":61,"column":15},"end":{"line":61,"column":16}},"loc":{"start":{"line":61,"column":35},"end":{"line":63,"column":3}},"line":61},"1":{"name":"(anonymous_1)","decl":{"start":{"line":70,"column":15},"end":{"line":70,"column":16}},"loc":{"start":{"line":70,"column":35},"end":{"line":78,"column":3}},"line":70},"2":{"name":"(anonymous_2)","decl":{"start":{"line":85,"column":15},"end":{"line":85,"column":16}},"loc":{"start":{"line":85,"column":35},"end":{"line":92,"column":3}},"line":85},"3":{"name":"(anonymous_3)","decl":{"start":{"line":98,"column":15},"end":{"line":98,"column":16}},"loc":{"start":{"line":98,"column":35},"end":{"line":106,"column":3}},"line":98},"4":{"name":"(anonymous_4)","decl":{"start":{"line":113,"column":15},"end":{"line":113,"column":16}},"loc":{"start":{"line":113,"column":35},"end":{"line":121,"column":3}},"line":113},"5":{"name":"(anonymous_5)","decl":{"start":{"line":116,"column":78},"end":{"line":116,"column":79}},"loc":{"start":{"line":116,"column":89},"end":{"line":116,"column":113}},"line":116},"6":{"name":"(anonymous_6)","decl":{"start":{"line":128,"column":15},"end":{"line":128,"column":16}},"loc":{"start":{"line":128,"column":35},"end":{"line":138,"column":3}},"line":128},"7":{"name":"(anonymous_7)","decl":{"start":{"line":131,"column":78},"end":{"line":131,"column":79}},"loc":{"start":{"line":131,"column":89},"end":{"line":131,"column":113}},"line":131}},"branchMap":{"0":{"loc":{"start":{"line":73,"column":4},"end":{"line":75,"column":5}},"type":"if","locations":[{"start":{"line":73,"column":4},"end":{"line":75,"column":5}},{"start":{},"end":{}}],"line":73},"1":{"loc":{"start":{"line":73,"column":8},"end":{"line":73,"column":61}},"type":"binary-expr","locations":[{"start":{"line":73,"column":8},"end":{"line":73,"column":30}},{"start":{"line":73,"column":34},"end":{"line":73,"column":61}}],"line":73},"2":{"loc":{"start":{"line":86,"column":4},"end":{"line":88,"column":5}},"type":"if","locations":[{"start":{"line":86,"column":4},"end":{"line":88,"column":5}},{"start":{},"end":{}}],"line":86},"3":{"loc":{"start":{"line":99,"column":4},"end":{"line":101,"column":5}},"type":"if","locations":[{"start":{"line":99,"column":4},"end":{"line":101,"column":5}},{"start":{},"end":{}}],"line":99},"4":{"loc":{"start":{"line":116,"column":4},"end":{"line":118,"column":5}},"type":"if","locations":[{"start":{"line":116,"column":4},"end":{"line":118,"column":5}},{"start":{},"end":{}}],"line":116},"5":{"loc":{"start":{"line":116,"column":8},"end":{"line":116,"column":115}},"type":"binary-expr","locations":[{"start":{"line":116,"column":8},"end":{"line":116,"column":18}},{"start":{"line":116,"column":23},"end":{"line":116,"column":51}},{"start":{"line":116,"column":55},"end":{"line":116,"column":114}}],"line":116},"6":{"loc":{"start":{"line":131,"column":4},"end":{"line":133,"column":5}},"type":"if","locations":[{"start":{"line":131,"column":4},"end":{"line":133,"column":5}},{"start":{},"end":{}}],"line":131},"7":{"loc":{"start":{"line":131,"column":8},"end":{"line":131,"column":115}},"type":"binary-expr","locations":[{"start":{"line":131,"column":8},"end":{"line":131,"column":18}},{"start":{"line":131,"column":23},"end":{"line":131,"column":51}},{"start":{"line":131,"column":55},"end":{"line":131,"column":114}}],"line":131}},"s":{"0":1,"1":1,"2":1,"3":1,"4":1,"5":1,"6":1,"7":0,"8":1,"9":0,"10":0,"11":0,"12":0,"13":0,"14":1,"15":0,"16":0,"17":0,"18":0,"19":1,"20":0,"21":0,"22":0,"23":0,"24":0,"25":1,"26":0,"27":0,"28":0,"29":0,"30":0,"31":0,"32":1,"33":0,"34":0,"35":0,"36":0,"37":0,"38":0,"39":0,"40":0,"41":1},"f":{"0":0,"1":0,"2":0,"3":0,"4":0,"5":0,"6":0,"7":0},"b":{"0":[0,0],"1":[0,0],"2":[0,0],"3":[0,0],"4":[0,0],"5":[0,0,0],"6":[0,0],"7":[0,0,0]},"_coverageSchema":"1a1c01bbd47fc00a2c39e90264f33305004495a9","hash":"6d1d3cab324542e9bed72a2dd1ab7b6b78185dd0"}
,"/Users/connerwattles/Documents/CS/CS329/jwt-pizza-service/src/routes/orderRouter.js": {"path":"/Users/connerwattles/Documents/CS/CS329/jwt-pizza-service/src/routes/orderRouter.js","statementMap":{"0":{"start":{"line":1,"column":16},"end":{"line":1,"column":34}},"1":{"start":{"line":2,"column":15},"end":{"line":2,"column":38}},"2":{"start":{"line":3,"column":21},"end":{"line":3,"column":55}},"3":{"start":{"line":4,"column":23},"end":{"line":4,"column":49}},"4":{"start":{"line":5,"column":42},"end":{"line":5,"column":73}},"5":{"start":{"line":7,"column":20},"end":{"line":7,"column":36}},"6":{"start":{"line":9,"column":0},"end":{"line":41,"column":2}},"7":{"start":{"line":44,"column":0},"end":{"line":49,"column":2}},"8":{"start":{"line":47,"column":4},"end":{"line":47,"column":33}},"9":{"start":{"line":52,"column":0},"end":{"line":64,"column":2}},"10":{"start":{"line":56,"column":4},"end":{"line":58,"column":5}},"11":{"start":{"line":57,"column":6},"end":{"line":57,"column":64}},"12":{"start":{"line":60,"column":27},"end":{"line":60,"column":35}},"13":{"start":{"line":61,"column":4},"end":{"line":61,"column":41}},"14":{"start":{"line":62,"column":4},"end":{"line":62,"column":33}},"15":{"start":{"line":67,"column":0},"end":{"line":73,"column":2}},"16":{"start":{"line":71,"column":4},"end":{"line":71,"column":59}},"17":{"start":{"line":76,"column":0},"end":{"line":94,"column":2}},"18":{"start":{"line":80,"column":21},"end":{"line":80,"column":29}},"19":{"start":{"line":81,"column":18},"end":{"line":81,"column":60}},"20":{"start":{"line":82,"column":14},"end":{"line":86,"column":6}},"21":{"start":{"line":87,"column":14},"end":{"line":87,"column":28}},"22":{"start":{"line":88,"column":4},"end":{"line":92,"column":5}},"23":{"start":{"line":89,"column":6},"end":{"line":89,"column":62}},"24":{"start":{"line":91,"column":6},"end":{"line":91,"column":102}},"25":{"start":{"line":96,"column":0},"end":{"line":96,"column":29}}},"fnMap":{"0":{"name":"(anonymous_0)","decl":{"start":{"line":46,"column":15},"end":{"line":46,"column":16}},"loc":{"start":{"line":46,"column":35},"end":{"line":48,"column":3}},"line":46},"1":{"name":"(anonymous_1)","decl":{"start":{"line":55,"column":15},"end":{"line":55,"column":16}},"loc":{"start":{"line":55,"column":35},"end":{"line":63,"column":3}},"line":55},"2":{"name":"(anonymous_2)","decl":{"start":{"line":70,"column":15},"end":{"line":70,"column":16}},"loc":{"start":{"line":70,"column":35},"end":{"line":72,"column":3}},"line":70},"3":{"name":"(anonymous_3)","decl":{"start":{"line":79,"column":15},"end":{"line":79,"column":16}},"loc":{"start":{"line":79,"column":35},"end":{"line":93,"column":3}},"line":79}},"branchMap":{"0":{"loc":{"start":{"line":56,"column":4},"end":{"line":58,"column":5}},"type":"if","locations":[{"start":{"line":56,"column":4},"end":{"line":58,"column":5}},{"start":{},"end":{}}],"line":56},"1":{"loc":{"start":{"line":88,"column":4},"end":{"line":92,"column":5}},"type":"if","locations":[{"start":{"line":88,"column":4},"end":{"line":92,"column":5}},{"start":{"line":90,"column":11},"end":{"line":92,"column":5}}],"line":88}},"s":{"0":1,"1":1,"2":1,"3":1,"4":1,"5":1,"6":1,"7":1,"8":0,"9":1,"10":0,"11":0,"12":0,"13":0,"14":0,"15":1,"16":0,"17":1,"18":0,"19":0,"20":0,"21":0,"22":0,"23":0,"24":0,"25":1},"f":{"0":0,"1":0,"2":0,"3":0},"b":{"0":[0,0],"1":[0,0]},"_coverageSchema":"1a1c01bbd47fc00a2c39e90264f33305004495a9","hash":"c97f9ea6d535ac9cee1732d2c9887c1274e13692"}
}
