TN:
SF:src/config.js
FNF:0
FNH:0
DA:1,1
LF:1
LH:1
BRF:0
BRH:0
end_of_record
TN:
SF:src/endpointHelper.js
FN:2,(anonymous_0)
FN:8,(anonymous_1)
FN:8,(anonymous_2)
FNF:3
FNH:1
FNDA:0,(anonymous_0)
FNDA:14,(anonymous_1)
FNDA:0,(anonymous_2)
DA:3,0
DA:4,0
DA:8,14
DA:9,0
DA:12,1
LF:5
LH:2
BRF:0
BRH:0
end_of_record
TN:
SF:src/service.js
FN:11,(anonymous_0)
FN:25,(anonymous_1)
FN:33,(anonymous_2)
FN:40,(anonymous_3)
FN:47,(anonymous_4)
FNF:5
FNH:2
FNDA:1,(anonymous_0)
FNDA:0,(anonymous_1)
FNDA:1,(anonymous_2)
FNDA:0,(anonymous_3)
FNDA:0,(anonymous_4)
DA:1,1
DA:2,1
DA:3,1
DA:4,1
DA:5,1
DA:6,1
DA:8,1
DA:9,1
DA:10,1
DA:11,1
DA:12,1
DA:13,1
DA:14,1
DA:15,1
DA:16,1
DA:19,1
DA:20,1
DA:21,1
DA:22,1
DA:23,1
DA:25,1
DA:26,0
DA:33,1
DA:34,1
DA:40,1
DA:41,0
DA:47,1
DA:48,0
DA:49,0
DA:52,1
LF:30
LH:26
BRDA:12,0,0,1
BRDA:12,0,1,1
BRDA:48,1,0,0
BRDA:48,1,1,0
BRF:4
BRH:2
end_of_record
TN:
SF:src/routes/authRouter.js
FN:42,setAuthUser
FN:49,(anonymous_1)
FN:49,(anonymous_2)
FN:59,(anonymous_3)
FN:69,(anonymous_4)
FN:83,(anonymous_5)
FN:95,(anonymous_6)
FN:105,(anonymous_7)
FN:118,setAuth
FN:124,clearAuth
FN:131,readAuthToken
FNF:11
FNH:2
FNDA:1,setAuthUser
FNDA:0,(anonymous_1)
FNDA:0,(anonymous_2)
FNDA:0,(anonymous_3)
FNDA:0,(anonymous_4)
FNDA:0,(anonymous_5)
FNDA:0,(anonymous_6)
FNDA:0,(anonymous_7)
FNDA:0,setAuth
FNDA:0,clearAuth
FNDA:1,readAuthToken
DA:1,1
DA:2,1
DA:3,1
DA:4,1
DA:5,1
DA:7,1
DA:9,1
DA:43,1
DA:44,1
DA:45,0
DA:46,0
DA:48,0
DA:49,0
DA:52,0
DA:55,1
DA:59,1
DA:60,0
DA:61,0
DA:63,0
DA:67,1
DA:70,0
DA:71,0
DA:72,0
DA:74,0
DA:75,0
DA:76,0
DA:81,1
DA:84,0
DA:85,0
DA:86,0
DA:87,0
DA:92,1
DA:96,0
DA:97,0
DA:102,1
DA:106,0
DA:107,0
DA:108,0
DA:109,0
DA:110,0
DA:113,0
DA:114,0
DA:119,0
DA:120,0
DA:121,0
DA:125,0
DA:126,0
DA:127,0
DA:132,1
DA:133,1
DA:134,0
DA:136,1
DA:139,1
LF:53
LH:19
BRDA:44,0,0,0
BRDA:44,0,1,1
BRDA:46,1,0,0
BRDA:46,1,1,0
BRDA:60,2,0,0
BRDA:60,2,1,0
BRDA:71,3,0,0
BRDA:71,3,1,0
BRDA:71,4,0,0
BRDA:71,4,1,0
BRDA:71,4,2,0
BRDA:109,5,0,0
BRDA:109,5,1,0
BRDA:109,6,0,0
BRDA:109,6,1,0
BRDA:126,7,0,0
BRDA:126,7,1,0
BRDA:133,8,0,0
BRDA:133,8,1,1
BRF:19
BRH:2
end_of_record
TN:
SF:src/routes/franchiseRouter.js
FN:61,(anonymous_0)
FN:70,(anonymous_1)
FN:85,(anonymous_2)
FN:98,(anonymous_3)
FN:113,(anonymous_4)
FN:116,(anonymous_5)
FN:128,(anonymous_6)
FN:131,(anonymous_7)
FNF:8
FNH:0
FNDA:0,(anonymous_0)
FNDA:0,(anonymous_1)
FNDA:0,(anonymous_2)
FNDA:0,(anonymous_3)
FNDA:0,(anonymous_4)
FNDA:0,(anonymous_5)
FNDA:0,(anonymous_6)
FNDA:0,(anonymous_7)
DA:1,1
DA:2,1
DA:3,1
DA:4,1
DA:6,1
DA:8,1
DA:59,1
DA:62,0
DA:67,1
DA:71,0
DA:72,0
DA:73,0
DA:74,0
DA:77,0
DA:82,1
DA:86,0
DA:87,0
DA:90,0
DA:91,0
DA:96,1
DA:99,0
DA:100,0
DA:103,0
DA:104,0
DA:105,0
DA:110,1
DA:114,0
DA:115,0
DA:116,0
DA:117,0
DA:120,0
DA:125,1
DA:129,0
DA:130,0
DA:131,0
DA:132,0
DA:135,0
DA:136,0
DA:137,0
DA:141,1
LF:40
LH:13
BRDA:73,0,0,0
BRDA:73,0,1,0
BRDA:73,1,0,0
BRDA:73,1,1,0
BRDA:86,2,0,0
BRDA:86,2,1,0
BRDA:99,3,0,0
BRDA:99,3,1,0
BRDA:116,4,0,0
BRDA:116,4,1,0
BRDA:116,5,0,0
BRDA:116,5,1,0
BRDA:116,5,2,0
BRDA:131,6,0,0
BRDA:131,6,1,0
BRDA:131,7,0,0
BRDA:131,7,1,0
BRDA:131,7,2,0
BRF:18
BRH:0
end_of_record
TN:
SF:src/routes/orderRouter.js
FN:46,(anonymous_0)
FN:55,(anonymous_1)
FN:70,(anonymous_2)
FN:79,(anonymous_3)
FNF:4
FNH:0
FNDA:0,(anonymous_0)
FNDA:0,(anonymous_1)
FNDA:0,(anonymous_2)
FNDA:0,(anonymous_3)
DA:1,1
DA:2,1
DA:3,1
DA:4,1
DA:5,1
DA:7,1
DA:9,1
DA:44,1
DA:47,0
DA:52,1
DA:56,0
DA:57,0
DA:60,0
DA:61,0
DA:62,0
DA:67,1
DA:71,0
DA:76,1
DA:80,0
DA:81,0
DA:82,0
DA:87,0
DA:88,0
DA:89,0
DA:91,0
DA:96,1
LF:26
LH:12
BRDA:56,0,0,0
BRDA:56,0,1,0
BRDA:88,1,0,0
BRDA:88,1,1,0
BRF:4
BRH:0
end_of_record
