TN:
SF:src/service.js
FN:11,(anonymous_0)
FN:25,(anonymous_1)
FN:33,(anonymous_2)
FN:40,(anonymous_3)
FN:47,(anonymous_4)
FNF:5
FNH:4
FNDA:3,(anonymous_0)
FNDA:0,(anonymous_1)
FNDA:1,(anonymous_2)
FNDA:1,(anonymous_3)
FNDA:1,(anonymous_4)
DA:1,1
DA:2,1
DA:3,1
DA:4,1
DA:5,1
DA:6,1
DA:8,1
DA:9,1
DA:10,1
DA:11,1
DA:12,3
DA:13,3
DA:14,3
DA:15,3
DA:16,3
DA:19,1
DA:20,1
DA:21,1
DA:22,1
DA:23,1
DA:25,1
DA:26,0
DA:33,1
DA:34,1
DA:40,1
DA:41,1
DA:47,1
DA:48,1
DA:49,1
DA:52,1
LF:30
LH:29
BRDA:12,0,0,3
BRDA:12,0,1,3
BRDA:48,1,0,1
BRDA:48,1,1,1
BRF:4
BRH:4
end_of_record
